{
  "RSpec": {
    "coverage": {
      "/home/developer/Downloads/ecommerce_tue/ecommerce_mon/ecommerce_sun/ecommerce/config/environment.rb": {
        "lines": [
          null,
          1,
          null,
          1
        ]
      },
      "/home/developer/Downloads/ecommerce_tue/ecommerce_mon/ecommerce_sun/ecommerce/config/application.rb": {
        "lines": [
          1,
          null,
          1,
          null,
          null,
          null,
          1,
          null,
          1,
          1,
          null,
          1,
          null,
          null,
          null,
          null,
          1,
          null,
          null,
          null,
          null,
          null,
          null,
          null,
          null,
          null,
          null,
          null
        ]
      },
      "/home/developer/Downloads/ecommerce_tue/ecommerce_mon/ecommerce_sun/ecommerce/config/boot.rb": {
        "lines": [
          1,
          null,
          1,
          1
        ]
      },
      "/home/developer/Downloads/ecommerce_tue/ecommerce_mon/ecommerce_sun/ecommerce/config/environments/test.rb": {
        "lines": [
          null,
          null,
          null,
          null,
          null,
          1,
          null,
          null,
          null,
          1,
          null,
          null,
          null,
          null,
          null,
          1,
          null,
          null,
          1,
          null,
          null,
          1,
          1,
          null,
          null,
          1,
          null,
          null,
          1,
          null,
          null,
          1,
          null,
          null,
          null,
          null,
          null,
          1,
          null,
          null,
          1,
          null,
          null,
          1,
          null,
          null,
          null,
          null,
          null,
          null,
          null,
          null,
          1,
          null
        ]
      },
      "/home/developer/Downloads/ecommerce_tue/ecommerce_mon/ecommerce_sun/ecommerce/config/initializers/assets.rb": {
        "lines": [
          null,
          null,
          null,
          1,
          null,
          null,
          null,
          null
        ]
      },
      "/home/developer/Downloads/ecommerce_tue/ecommerce_mon/ecommerce_sun/ecommerce/config/initializers/content_security_policy.rb": {
        "lines": [
          null,
          null,
          null,
          null,
          null,
          null,
          null,
          null,
          null,
          null,
          null,
          null,
          null,
          null,
          null,
          null,
          null,
          null,
          null,
          null,
          null,
          null,
          null,
          null,
          null
        ]
      },
      "/home/developer/Downloads/ecommerce_tue/ecommerce_mon/ecommerce_sun/ecommerce/config/initializers/devise.rb": {
        "lines": [
          null,
          null,
          null,
          null,
          null,
          null,
          null,
          null,
          null,
          null,
          1,
          null,
          null,
          null,
          null,
          null,
          null,
          null,
          null,
          null,
          null,
          null,
          null,
          null,
          null,
          null,
          1,
          null,
          1,
          null,
          null,
          null,
          null,
          null,
          null,
          null,
          null,
          null,
          null,
          null,
          1,
          null,
          null,
          null,
          null,
          null,
          null,
          null,
          null,
          null,
          null,
          null,
          null,
          null,
          null,
          null,
          null,
          null,
          null,
          null,
          null,
          null,
          1,
          null,
          null,
          null,
          null,
          1,
          null,
          null,
          null,
          null,
          null,
          null,
          null,
          null,
          null,
          null,
          null,
          null,
          null,
          null,
          null,
          null,
          null,
          null,
          null,
          null,
          null,
          null,
          null,
          null,
          null,
          null,
          null,
          null,
          null,
          null,
          null,
          null,
          null,
          1,
          null,
          null,
          null,
          null,
          null,
          null,
          null,
          null,
          null,
          null,
          null,
          null,
          null,
          null,
          null,
          null,
          null,
          null,
          null,
          null,
          null,
          null,
          null,
          null,
          null,
          1,
          null,
          null,
          null,
          null,
          null,
          null,
          null,
          null,
          null,
          null,
          null,
          null,
          null,
          null,
          null,
          null,
          null,
          null,
          null,
          null,
          null,
          null,
          null,
          null,
          null,
          null,
          null,
          null,
          null,
          null,
          null,
          null,
          null,
          1,
          null,
          null,
          null,
          null,
          null,
          null,
          null,
          null,
          null,
          1,
          null,
          null,
          null,
          null,
          null,
          null,
          null,
          null,
          null,
          null,
          1,
          null,
          null,
          null,
          null,
          1,
          null,
          null,
          null,
          null,
          null,
          null,
          null,
          null,
          null,
          null,
          null,
          null,
          null,
          null,
          null,
          null,
          null,
          null,
          null,
          null,
          null,
          null,
          null,
          null,
          null,
          null,
          null,
          null,
          null,
          null,
          null,
          null,
          null,
          null,
          null,
          null,
          null,
          null,
          null,
          null,
          1,
          null,
          null,
          null,
          null,
          null,
          null,
          null,
          null,
          null,
          null,
          null,
          null,
          null,
          null,
          null,
          null,
          null,
          null,
          null,
          null,
          null,
          null,
          1,
          null,
          null,
          null,
          null,
          null,
          null,
          null,
          null,
          null,
          null,
          null,
          null,
          null,
          null,
          null,
          null,
          null,
          null,
          null,
          null,
          null,
          1,
          null,
          null,
          null,
          null,
          null,
          null,
          null,
          null,
          null,
          null,
          null,
          null,
          null,
          null,
          null,
          null,
          null,
          null,
          null,
          null,
          null,
          null,
          null,
          null,
          null,
          null,
          null,
          null,
          null,
          null,
          null,
          null,
          null,
          null,
          null,
          1,
          1,
          null,
          null,
          null,
          null,
          null,
          null,
          null
        ]
      },
      "/home/developer/Downloads/ecommerce_tue/ecommerce_mon/ecommerce_sun/ecommerce/config/initializers/filter_parameter_logging.rb": {
        "lines": [
          null,
          null,
          null,
          null,
          null,
          1,
          null,
          null
        ]
      },
      "/home/developer/Downloads/ecommerce_tue/ecommerce_mon/ecommerce_sun/ecommerce/config/initializers/inflections.rb": {
        "lines": [
          null,
          null,
          null,
          null,
          null,
          null,
          null,
          null,
          null,
          null,
          null,
          null,
          null,
          null,
          null,
          null
        ]
      },
      "/home/developer/Downloads/ecommerce_tue/ecommerce_mon/ecommerce_sun/ecommerce/config/initializers/stripe.rb": {
        "lines": [
          1
        ]
      },
      "/home/developer/Downloads/ecommerce_tue/ecommerce_mon/ecommerce_sun/ecommerce/spec/factories/buyer.rb": {
        "lines": [
          1,
          1,
          2,
          2,
          2,
          2,
          2,
          2,
          2,
          null,
          1,
          1,
          1,
          null,
          null,
          null,
          null
        ]
      },
      "/home/developer/Downloads/ecommerce_tue/ecommerce_mon/ecommerce_sun/ecommerce/spec/factories/cart.rb": {
        "lines": [
          1,
          1,
          1,
          1,
          null,
          null
        ]
      },
      "/home/developer/Downloads/ecommerce_tue/ecommerce_mon/ecommerce_sun/ecommerce/spec/factories/cart_item.rb": {
        "lines": [
          1,
          1,
          1,
          1,
          1,
          null,
          null
        ]
      },
      "/home/developer/Downloads/ecommerce_tue/ecommerce_mon/ecommerce_sun/ecommerce/spec/factories/category.rb": {
        "lines": [
          1,
          1,
          1,
          null,
          null
        ]
      },
      "/home/developer/Downloads/ecommerce_tue/ecommerce_mon/ecommerce_sun/ecommerce/spec/factories/product.rb": {
        "lines": [
          1,
          1,
          1,
          1,
          1,
          1,
          1,
          null,
          null
        ]
      },
      "/home/developer/Downloads/ecommerce_tue/ecommerce_mon/ecommerce_sun/ecommerce/app/helpers/application_helper.rb": {
        "lines": [
          1,
          null
        ]
      },
      "/home/developer/Downloads/ecommerce_tue/ecommerce_mon/ecommerce_sun/ecommerce/app/helpers/cart_items_helper.rb": {
        "lines": [
          1,
          null
        ]
      },
      "/home/developer/Downloads/ecommerce_tue/ecommerce_mon/ecommerce_sun/ecommerce/app/helpers/carts_helper.rb": {
        "lines": [
          1,
          null
        ]
      },
      "/home/developer/Downloads/ecommerce_tue/ecommerce_mon/ecommerce_sun/ecommerce/app/helpers/category_helper.rb": {
        "lines": [
          1,
          null
        ]
      },
      "/home/developer/Downloads/ecommerce_tue/ecommerce_mon/ecommerce_sun/ecommerce/app/helpers/orders_helper.rb": {
        "lines": [
          1,
          null
        ]
      },
      "/home/developer/Downloads/ecommerce_tue/ecommerce_mon/ecommerce_sun/ecommerce/app/helpers/payments_helper.rb": {
        "lines": [
          1,
          null
        ]
      },
      "/home/developer/Downloads/ecommerce_tue/ecommerce_mon/ecommerce_sun/ecommerce/app/helpers/products_helper.rb": {
        "lines": [
          1,
          null
        ]
      },
      "/home/developer/Downloads/ecommerce_tue/ecommerce_mon/ecommerce_sun/ecommerce/app/controllers/carts_controller.rb": {
        "lines": [
          1,
          1,
          null,
          1,
          0,
          0,
          null,
          null
        ]
      },
      "/home/developer/Downloads/ecommerce_tue/ecommerce_mon/ecommerce_sun/ecommerce/app/controllers/application_controller.rb": {
        "lines": [
          1,
          null,
          1,
          null
        ]
      },
      "/home/developer/Downloads/ecommerce_tue/ecommerce_mon/ecommerce_sun/ecommerce/app/models/buyer.rb": {
        "lines": [
          1,
          null,
          null,
          1,
          null,
          1,
          1,
          1,
          1,
          1,
          1,
          null
        ]
      },
      "/home/developer/Downloads/ecommerce_tue/ecommerce_mon/ecommerce_sun/ecommerce/app/models/application_record.rb": {
        "lines": [
          1,
          1,
          null
        ]
      }
    },
    "timestamp": 1739181226
  }
}
